<?xml version="1.0" encoding="UTF-8"?>
<!-- Generated by org.testng.reporters.JUnitReportReporter -->
<testsuite hostname="QSP" failures="0" tests="1" name="scripts.Test1" time="0.007" errors="0" timestamp="2021-10-22T09:27:32 IST" skipped="0">
  <testcase classname="scripts.Test1" name="tc1" time="0.007"/>
</testsuite> <!-- scripts.Test1 -->
