<?xml version="1.0" encoding="UTF-8"?>
<!-- Generated by org.testng.reporters.JUnitReportReporter -->
<testsuite hostname="QSP" failures="0" tests="1" name="scripts.Test2" time="0.002" errors="0" timestamp="2021-10-22T09:27:32 IST" skipped="0">
  <testcase classname="scripts.Test2" name="tc2" time="0.002"/>
</testsuite> <!-- scripts.Test2 -->
