<?xml version="1.0" encoding="UTF-8"?>
<!-- Generated by org.testng.reporters.JUnitReportReporter -->
<testsuite hostname="QSP" failures="0" tests="1" name="scripts.Test3" time="0.038" errors="0" timestamp="2021-10-22T09:27:32 IST" skipped="0">
  <testcase classname="scripts.Test3" name="tc3" time="0.038"/>
</testsuite> <!-- scripts.Test3 -->
